<?xml version="1.0" encoding="UTF-8"?>
<testsuite xmlns:xsi="http://www.w3.org/2001/XMLSchema-instance" xsi:noNamespaceSchemaLocation="https://maven.apache.org/surefire/maven-surefire-plugin/xsd/surefire-test-report.xsd" name="com.codecamp.lab9.AppTest" time="0.037" tests="1" errors="0" skipped="0" failures="0">
  <properties>
    <property name="sun.desktop" value="windows"/>
    <property name="awt.toolkit" value="sun.awt.windows.WToolkit"/>
    <property name="file.encoding.pkg" value="sun.io"/>
    <property name="java.specification.version" value="1.8"/>
    <property name="sun.cpu.isalist" value="amd64"/>
    <property name="sun.jnu.encoding" value="MS874"/>
    <property name="java.class.path" value="d:\ToE\course_training\codecamp\code_example\camp3\codecamp3\day9_oop\com.codecamp.lab9\target\test-classes;d:\ToE\course_training\codecamp\code_example\camp3\codecamp3\day9_oop\com.codecamp.lab9\target\classes;C:\Users\paibo\.m2\repository\junit\junit\4.11\junit-4.11.jar;C:\Users\paibo\.m2\repository\org\hamcrest\hamcrest-core\1.3\hamcrest-core-1.3.jar;"/>
    <property name="java.vm.vendor" value="Oracle Corporation"/>
    <property name="sun.arch.data.model" value="64"/>
    <property name="user.variant" value=""/>
    <property name="java.vendor.url" value="http://java.oracle.com/"/>
    <property name="user.timezone" value="Asia/Bangkok"/>
    <property name="java.vm.specification.version" value="1.8"/>
    <property name="os.name" value="Windows 10"/>
    <property name="user.country" value="US"/>
    <property name="sun.java.launcher" value="SUN_STANDARD"/>
    <property name="sun.boot.library.path" value="D:\Downloads\codecamp\java-1.8.0-openjdk-1.8.0.191-1.b12.redhat.windows.x86_64\jre\bin"/>
    <property name="sun.java.command" value="C:\Users\paibo\AppData\Local\Temp\surefire1754387682697616101\surefirebooter2175516243710797573.jar C:\Users\paibo\AppData\Local\Temp\surefire1754387682697616101 2019-03-12T13-09-48_063-jvmRun1 surefire3119885679084653226tmp surefire_02737079317363889206tmp"/>
    <property name="surefire.test.class.path" value="d:\ToE\course_training\codecamp\code_example\camp3\codecamp3\day9_oop\com.codecamp.lab9\target\test-classes;d:\ToE\course_training\codecamp\code_example\camp3\codecamp3\day9_oop\com.codecamp.lab9\target\classes;C:\Users\paibo\.m2\repository\junit\junit\4.11\junit-4.11.jar;C:\Users\paibo\.m2\repository\org\hamcrest\hamcrest-core\1.3\hamcrest-core-1.3.jar;"/>
    <property name="sun.cpu.endian" value="little"/>
    <property name="user.home" value="C:\Users\paibo"/>
    <property name="user.language" value="en"/>
    <property name="java.specification.vendor" value="Oracle Corporation"/>
    <property name="java.home" value="D:\Downloads\codecamp\java-1.8.0-openjdk-1.8.0.191-1.b12.redhat.windows.x86_64\jre"/>
    <property name="basedir" value="d:\ToE\course_training\codecamp\code_example\camp3\codecamp3\day9_oop\com.codecamp.lab9"/>
    <property name="file.separator" value="\"/>
    <property name="line.separator" value="&#10;"/>
    <property name="java.vm.specification.vendor" value="Oracle Corporation"/>
    <property name="java.specification.name" value="Java Platform API Specification"/>
    <property name="java.awt.graphicsenv" value="sun.awt.Win32GraphicsEnvironment"/>
    <property name="surefire.real.class.path" value="C:\Users\paibo\AppData\Local\Temp\surefire1754387682697616101\surefirebooter2175516243710797573.jar"/>
    <property name="sun.boot.class.path" value="D:\Downloads\codecamp\java-1.8.0-openjdk-1.8.0.191-1.b12.redhat.windows.x86_64\jre\lib\resources.jar;D:\Downloads\codecamp\java-1.8.0-openjdk-1.8.0.191-1.b12.redhat.windows.x86_64\jre\lib\rt.jar;D:\Downloads\codecamp\java-1.8.0-openjdk-1.8.0.191-1.b12.redhat.windows.x86_64\jre\lib\sunrsasign.jar;D:\Downloads\codecamp\java-1.8.0-openjdk-1.8.0.191-1.b12.redhat.windows.x86_64\jre\lib\jsse.jar;D:\Downloads\codecamp\java-1.8.0-openjdk-1.8.0.191-1.b12.redhat.windows.x86_64\jre\lib\jce.jar;D:\Downloads\codecamp\java-1.8.0-openjdk-1.8.0.191-1.b12.redhat.windows.x86_64\jre\lib\charsets.jar;D:\Downloads\codecamp\java-1.8.0-openjdk-1.8.0.191-1.b12.redhat.windows.x86_64\jre\lib\jfr.jar;D:\Downloads\codecamp\java-1.8.0-openjdk-1.8.0.191-1.b12.redhat.windows.x86_64\jre\classes"/>
    <property name="user.script" value=""/>
    <property name="sun.management.compiler" value="HotSpot 64-Bit Tiered Compilers"/>
    <property name="java.runtime.version" value="1.8.0_191-1-redhat-b12"/>
    <property name="user.name" value="paibo"/>
    <property name="path.separator" value=";"/>
    <property name="os.version" value="10.0"/>
    <property name="java.endorsed.dirs" value="D:\Downloads\codecamp\java-1.8.0-openjdk-1.8.0.191-1.b12.redhat.windows.x86_64\jre\lib\endorsed"/>
    <property name="java.runtime.name" value="OpenJDK Runtime Environment"/>
    <property name="file.encoding" value="MS874"/>
    <property name="java.vm.name" value="OpenJDK 64-Bit Server VM"/>
    <property name="localRepository" value="C:\Users\paibo\.m2\repository"/>
    <property name="java.vendor.url.bug" value="http://bugreport.sun.com/bugreport/"/>
    <property name="java.io.tmpdir" value="C:\Users\paibo\AppData\Local\Temp\"/>
    <property name="java.version" value="1.8.0_191-1-redhat"/>
    <property name="user.dir" value="d:\ToE\course_training\codecamp\code_example\camp3\codecamp3\day9_oop\com.codecamp.lab9"/>
    <property name="os.arch" value="amd64"/>
    <property name="java.vm.specification.name" value="Java Virtual Machine Specification"/>
    <property name="java.awt.printerjob" value="sun.awt.windows.WPrinterJob"/>
    <property name="sun.os.patch.level" value=""/>
    <property name="java.library.path" value="D:\Downloads\codecamp\java-1.8.0-openjdk-1.8.0.191-1.b12.redhat.windows.x86_64\jre\bin;C:\WINDOWS\Sun\Java\bin;C:\WINDOWS\system32;C:\WINDOWS;C:\Program Files\Git\mingw64\bin;C:\Program Files\Git\usr\bin;C:\Users\paibo\bin;C:\ProgramData\DockerDesktop\version-bin;C:\Program Files\Docker\Docker\Resources\bin;C:\Windows\system32;C:\Windows;C:\Windows\System32\Wbem;C:\Windows\System32\WindowsPowerShell\v1.0;C:\Program Files (x86)\GtkSharp\2.12\bin;C:\Program Files (x86)\NVIDIA Corporation\PhysX\Common;D:\Android\android-sdk\platform-tools;C:\Program Files\Common Files\Autodesk Shared;D:\xampp\php;C:\ProgramData\ComposerSetup\bin;C:\Program Files (x86)\Windows Live\Shared;C:\Program Files\Git\cmd;C:\Program Files\nodejs;C:\Program Files (x86)\Windows Kits\8.1\Windows Performance Toolkit;C:\WINDOWS\system32;C:\WINDOWS;C:\WINDOWS\System32\Wbem;C:\WINDOWS\System32\WindowsPowerShell\v1.0;C:\Program Files\Redis;C:\Program Files (x86)\WinMerge;C:\WINDOWS\System32\OpenSSH;C:\Program Files\TortoiseGit\bin;C:\Users\paibo\AppData\Local\Microsoft\WindowsApps;C:\Users\paibo\AppData\Roaming\Composer\vendor\bin;C:\Users\paibo\AppData\Roaming\npm;C:\Program Files\Microsof;C:\Program Files\Microsoft VS Code\bin;D:\maven-3.6.0\bin;D:\Downloads\codecamp\java-1.8.0-openjdk-1.8.0.191-1.b12.redhat.windows.x86_64\bin;C:\Users\paibo\AppData\Local\Microsoft\WindowsApps;C:\Users\paibo\AppData\Roaming\Composer\vendor\bin;C:\Users\paibo\AppData\Roaming\npm;C:\Program Files\Microsoft VS Code\bin;C:\Users\paibo\AppData\Local\Programs\Microsoft VS Code\bin;."/>
    <property name="java.vm.info" value="mixed mode"/>
    <property name="java.vendor" value="Oracle Corporation"/>
    <property name="java.vm.version" value="25.191-b12"/>
    <property name="java.ext.dirs" value="D:\Downloads\codecamp\java-1.8.0-openjdk-1.8.0.191-1.b12.redhat.windows.x86_64\jre\lib\ext;C:\WINDOWS\Sun\Java\lib\ext"/>
    <property name="sun.io.unicode.encoding" value="UnicodeLittle"/>
    <property name="java.class.version" value="52.0"/>
  </properties>
  <testcase name="shouldAnswerWithTrue" classname="com.codecamp.lab9.AppTest" time="0.003"/>
</testsuite>